# JRE version: Java(TM) SE Runtime Environment (25.0.2+10) (build 25.0.2+10-LTS-69)
# Java VM: Java HotSpot(TM) 64-Bit Server VM (25.0.2+10-LTS-69, mixed mode, sharing, tiered, compressed oops, compressed class ptrs, g1 gc, windows-amd64)
GC Precious Log:
 CardTable entry size: 512
 Card Set container configuration: InlinePtr #cards 4 size 8 Array Of Cards #cards 32 size 80 Howl #buckets 8 coarsen threshold 7372 Howl Bitmap #cards 1024 size 144 coarsen threshold 921 Card regions per heap region 1 cards per card region 8192
 CPUs: 12 total, 12 available
 Memory: 32441M
 Large Page Support: Disabled
 NUMA Support: Disabled
 Compressed Oops: Enabled (Zero based)
 Heap Region Size: 4M
 Heap Min Capacity: 8M
 Heap Initial Capacity: 508M
 Heap Max Capacity: 8112M
 Pre-touch: Disabled
 Parallel Workers: 10
 Concurrent Workers: 3
 Concurrent Refinement Workers: 10
 Periodic GC: Disabled
Heap:
 garbage-first heap   total reserved 8306688K, committed 380928K, used 210894K [0x0000000605000000, 0x0000000800000000)
  region size 4096K, 30 young (122880K), 6 survivors (24576K)
GC Heap Usage History (20 events):
Event: 126.047 {heap Before GC invocations=21 (full 0):
 garbage-first heap   total reserved 8306688K, committed 389120K, used 381424K [0x0000000605000000, 0x0000000800000000)
  region size 4096K, 40 young (163840K), 2 survivors (8192K)
}
Event: 126.060 {heap After GC invocations=22 (full 0):
 garbage-first heap   total reserved 8306688K, committed 417792K, used 191189K [0x0000000605000000, 0x0000000800000000)
  region size 4096K, 7 young (28672K), 7 survivors (28672K)
}
Event: 137.300 {heap Before GC invocations=22 (full 0):
 garbage-first heap   total reserved 8306688K, committed 479232K, used 473813K [0x0000000605000000, 0x0000000800000000)
  region size 4096K, 45 young (184320K), 7 survivors (28672K)
}
Event: 137.314 {heap After GC invocations=23 (full 0):
 garbage-first heap   total reserved 8306688K, committed 528384K, used 266699K [0x0000000605000000, 0x0000000800000000)
  region size 4096K, 6 young (24576K), 6 survivors (24576K)
}
Event: 138.687 {heap Before GC invocations=23 (full 0):
 garbage-first heap   total reserved 8306688K, committed 528384K, used 287179K [0x0000000605000000, 0x0000000800000000)
  region size 4096K, 13 young (53248K), 6 survivors (24576K)
}
Event: 138.693 {heap After GC invocations=24 (full 0):
 garbage-first heap   total reserved 8306688K, committed 528384K, used 273489K [0x0000000605000000, 0x0000000800000000)
  region size 4096K, 2 young (8192K), 2 survivors (8192K)
}
Event: 230.113 {heap Before GC invocations=25 (full 0):
 garbage-first heap   total reserved 8306688K, committed 651264K, used 621649K [0x0000000605000000, 0x0000000800000000)
  region size 4096K, 43 young (176128K), 2 survivors (8192K)
}
Event: 230.129 {heap After GC invocations=26 (full 0):
 garbage-first heap   total reserved 8306688K, committed 708608K, used 283656K [0x0000000605000000, 0x0000000800000000)
  region size 4096K, 6 young (24576K), 6 survivors (24576K)
}
Event: 257.153 {heap Before GC invocations=26 (full 0):
 garbage-first heap   total reserved 8306688K, committed 770048K, used 766984K [0x0000000605000000, 0x0000000800000000)
  region size 4096K, 60 young (245760K), 6 survivors (24576K)
}
Event: 257.165 {heap After GC invocations=27 (full 0):
 garbage-first heap   total reserved 8306688K, committed 802816K, used 285733K [0x0000000605000000, 0x0000000800000000)
  region size 4096K, 3 young (12288K), 3 survivors (12288K)
}
Event: 257.676 {heap Before GC invocations=27 (full 0):
 garbage-first heap   total reserved 8306688K, committed 802816K, used 285733K [0x0000000605000000, 0x0000000800000000)
  region size 4096K, 4 young (16384K), 3 survivors (12288K)
}
Event: 257.680 {heap After GC invocations=28 (full 0):
 garbage-first heap   total reserved 8306688K, committed 802816K, used 280111K [0x0000000605000000, 0x0000000800000000)
  region size 4096K, 2 young (8192K), 2 survivors (8192K)
}
Event: 273.182 {heap Before GC invocations=29 (full 0):
 garbage-first heap   total reserved 8306688K, committed 487424K, used 480815K [0x0000000605000000, 0x0000000800000000)
  region size 4096K, 30 young (122880K), 2 survivors (8192K)
}
Event: 273.190 {heap After GC invocations=30 (full 0):
 garbage-first heap   total reserved 8306688K, committed 499712K, used 118555K [0x0000000605000000, 0x0000000800000000)
  region size 4096K, 3 young (12288K), 3 survivors (12288K)
}
Event: 362.551 {heap Before GC invocations=30 (full 0):
 garbage-first heap   total reserved 8306688K, committed 499712K, used 425755K [0x0000000605000000, 0x0000000800000000)
  region size 4096K, 69 young (282624K), 3 survivors (12288K)
}
Event: 362.561 {heap After GC invocations=31 (full 0):
 garbage-first heap   total reserved 8306688K, committed 499712K, used 94137K [0x0000000605000000, 0x0000000800000000)
  region size 4096K, 5 young (20480K), 5 survivors (20480K)
}
Event: 362.598 {heap Before GC invocations=31 (full 0):
 garbage-first heap   total reserved 8306688K, committed 499712K, used 94137K [0x0000000605000000, 0x0000000800000000)
  region size 4096K, 7 young (28672K), 5 survivors (20480K)
}
Event: 362.605 {heap After GC invocations=32 (full 0):
 garbage-first heap   total reserved 8306688K, committed 499712K, used 87309K [0x0000000605000000, 0x0000000800000000)
  region size 4096K, 4 young (16384K), 4 survivors (16384K)
}
Event: 475.879 {heap Before GC invocations=33 (full 0):
 garbage-first heap   total reserved 8306688K, committed 356352K, used 341261K [0x0000000605000000, 0x0000000800000000)
  region size 4096K, 52 young (212992K), 4 survivors (16384K)
}
Event: 475.891 {heap After GC invocations=34 (full 0):
 garbage-first heap   total reserved 8306688K, committed 380928K, used 108494K [0x0000000605000000, 0x0000000800000000)
  region size 4096K, 6 young (24576K), 6 survivors (24576K)
}

