# JRE version: Java(TM) SE Runtime Environment (25.0.2+10) (build 25.0.2+10-LTS-69)
# Java VM: Java HotSpot(TM) 64-Bit Server VM (25.0.2+10-LTS-69, mixed mode, sharing, tiered, compressed oops, compressed class ptrs, g1 gc, windows-amd64)
GC Precious Log:
 CardTable entry size: 512
 Card Set container configuration: InlinePtr #cards 4 size 8 Array Of Cards #cards 32 size 80 Howl #buckets 8 coarsen threshold 7372 Howl Bitmap #cards 1024 size 144 coarsen threshold 921 Card regions per heap region 1 cards per card region 8192
 CPUs: 12 total, 12 available
 Memory: 32441M
 Large Page Support: Disabled
 NUMA Support: Disabled
 Compressed Oops: Enabled (Zero based)
 Heap Region Size: 4M
 Heap Min Capacity: 8M
 Heap Initial Capacity: 508M
 Heap Max Capacity: 8112M
 Pre-touch: Disabled
 Parallel Workers: 10
 Concurrent Workers: 3
 Concurrent Refinement Workers: 10
 Periodic GC: Disabled
Heap:
 garbage-first heap   total reserved 8306688K, committed 307200K, used 160816K [0x0000000605000000, 0x0000000800000000)
  region size 4096K, 34 young (139264K), 2 survivors (8192K)
GC Heap Usage History (20 events):
Event: 112.182 {heap Before GC invocations=43 (full 0):
 garbage-first heap   total reserved 8306688K, committed 307200K, used 204060K [0x0000000605000000, 0x0000000800000000)
  region size 4096K, 45 young (184320K), 2 survivors (8192K)
}
Event: 112.185 {heap After GC invocations=44 (full 0):
 garbage-first heap   total reserved 8306688K, committed 307200K, used 30072K [0x0000000605000000, 0x0000000800000000)
  region size 4096K, 1 young (4096K), 1 survivors (4096K)
}
Event: 112.782 {heap Before GC invocations=44 (full 0):
 garbage-first heap   total reserved 8306688K, committed 307200K, used 206200K [0x0000000605000000, 0x0000000800000000)
  region size 4096K, 45 young (184320K), 1 survivors (4096K)
}
Event: 112.784 {heap After GC invocations=45 (full 0):
 garbage-first heap   total reserved 8306688K, committed 307200K, used 30118K [0x0000000605000000, 0x0000000800000000)
  region size 4096K, 1 young (4096K), 1 survivors (4096K)
}
Event: 113.321 {heap Before GC invocations=45 (full 0):
 garbage-first heap   total reserved 8306688K, committed 307200K, used 206246K [0x0000000605000000, 0x0000000800000000)
  region size 4096K, 45 young (184320K), 1 survivors (4096K)
}
Event: 113.323 {heap After GC invocations=46 (full 0):
 garbage-first heap   total reserved 8306688K, committed 307200K, used 30106K [0x0000000605000000, 0x0000000800000000)
  region size 4096K, 1 young (4096K), 1 survivors (4096K)
}
Event: 113.792 {heap Before GC invocations=46 (full 0):
 garbage-first heap   total reserved 8306688K, committed 307200K, used 206234K [0x0000000605000000, 0x0000000800000000)
  region size 4096K, 45 young (184320K), 1 survivors (4096K)
}
Event: 113.794 {heap After GC invocations=47 (full 0):
 garbage-first heap   total reserved 8306688K, committed 307200K, used 32054K [0x0000000605000000, 0x0000000800000000)
  region size 4096K, 2 young (8192K), 2 survivors (8192K)
}
Event: 114.387 {heap Before GC invocations=47 (full 0):
 garbage-first heap   total reserved 8306688K, committed 307200K, used 204086K [0x0000000605000000, 0x0000000800000000)
  region size 4096K, 45 young (184320K), 2 survivors (8192K)
}
Event: 114.389 {heap After GC invocations=48 (full 0):
 garbage-first heap   total reserved 8306688K, committed 307200K, used 30084K [0x0000000605000000, 0x0000000800000000)
  region size 4096K, 1 young (4096K), 1 survivors (4096K)
}
Event: 114.918 {heap Before GC invocations=48 (full 0):
 garbage-first heap   total reserved 8306688K, committed 307200K, used 206212K [0x0000000605000000, 0x0000000800000000)
  region size 4096K, 45 young (184320K), 1 survivors (4096K)
}
Event: 114.920 {heap After GC invocations=49 (full 0):
 garbage-first heap   total reserved 8306688K, committed 307200K, used 30144K [0x0000000605000000, 0x0000000800000000)
  region size 4096K, 1 young (4096K), 1 survivors (4096K)
}
Event: 115.443 {heap Before GC invocations=49 (full 0):
 garbage-first heap   total reserved 8306688K, committed 307200K, used 206272K [0x0000000605000000, 0x0000000800000000)
  region size 4096K, 45 young (184320K), 1 survivors (4096K)
}
Event: 115.445 {heap After GC invocations=50 (full 0):
 garbage-first heap   total reserved 8306688K, committed 307200K, used 30096K [0x0000000605000000, 0x0000000800000000)
  region size 4096K, 1 young (4096K), 1 survivors (4096K)
}
Event: 115.915 {heap Before GC invocations=50 (full 0):
 garbage-first heap   total reserved 8306688K, committed 307200K, used 206224K [0x0000000605000000, 0x0000000800000000)
  region size 4096K, 45 young (184320K), 1 survivors (4096K)
}
Event: 115.917 {heap After GC invocations=51 (full 0):
 garbage-first heap   total reserved 8306688K, committed 307200K, used 32064K [0x0000000605000000, 0x0000000800000000)
  region size 4096K, 2 young (8192K), 2 survivors (8192K)
}
Event: 116.453 {heap Before GC invocations=51 (full 0):
 garbage-first heap   total reserved 8306688K, committed 307200K, used 204096K [0x0000000605000000, 0x0000000800000000)
  region size 4096K, 45 young (184320K), 2 survivors (8192K)
}
Event: 116.455 {heap After GC invocations=52 (full 0):
 garbage-first heap   total reserved 8306688K, committed 307200K, used 30100K [0x0000000605000000, 0x0000000800000000)
  region size 4096K, 1 young (4096K), 1 survivors (4096K)
}
Event: 248.876 {heap Before GC invocations=52 (full 0):
 garbage-first heap   total reserved 8306688K, committed 307200K, used 206228K [0x0000000605000000, 0x0000000800000000)
  region size 4096K, 45 young (184320K), 1 survivors (4096K)
}
Event: 248.884 {heap After GC invocations=53 (full 0):
 garbage-first heap   total reserved 8306688K, committed 307200K, used 33840K [0x0000000605000000, 0x0000000800000000)
  region size 4096K, 2 young (8192K), 2 survivors (8192K)
}

